<?xml version="1.0" encoding="UTF-8"?>
<!-- Generated by org.testng.reporters.JUnitReportReporter -->
<testsuite skipped="0" hostname="LAPTOP-OPK19QS1" name="tests.OnDate" tests="1" failures="0" timestamp="2020-05-28T14:06:14 BOT" time="5.385" errors="0">
  <testcase name="VerifyDateOninBookAFlight" time="5.385" classname="tests.OnDate"/>
  <system-out/>
</testsuite> <!-- tests.OnDate -->
