<?xml version="1.0" encoding="UTF-8"?>
<!-- Generated by org.testng.reporters.JUnitReportReporter -->
<testsuite skipped="0" hostname="DESKTOP-9HLHRJ6" name="tests.TotalPriceTest" tests="1" failures="0" timestamp="2020-05-28T19:51:19 BOT" time="17.630" errors="0">
  <testcase name="f" time="17.630" classname="tests.TotalPriceTest"/>
  <system-out/>
</testsuite> <!-- tests.TotalPriceTest -->
