<?xml version="1.0" encoding="UTF-8"?>
<!-- Generated by org.testng.reporters.JUnitReportReporter -->
<testsuite hostname="LAPTOP-OPK19QS1" failures="0" tests="1" name="tests.SB_9_SearchWithInvalidRangesTest" time="138.346" errors="0" timestamp="2020-06-30T09:47:05 BOT" skipped="0">
  <testcase classname="tests.SB_9_SearchWithInvalidRangesTest" name="verifyFlightSearchEnteringInvalidDates" time="138.346"/>
  <system-out/>
</testsuite> <!-- tests.SB_9_SearchWithInvalidRangesTest -->
