<?xml version="1.0" encoding="UTF-8"?>
<!-- Generated by org.testng.reporters.JUnitReportReporter -->
<testsuite skipped="0" hostname="DESKTOP-9HLHRJ6" name="tests.SB_55_CheckOnFateInBookAFlightDepartTest" tests="1" failures="0" timestamp="2020-05-29T23:21:54 BOT" time="5.457" errors="0">
  <testcase name="VerifyDateOninBookAFlight" time="5.457" classname="tests.SB_55_CheckOnFateInBookAFlightDepartTest"/>
  <system-out/>
</testsuite> <!-- tests.SB_55_CheckOnFateInBookAFlightDepartTest -->
