<?xml version="1.0" encoding="UTF-8"?>
<!-- Generated by org.testng.reporters.JUnitReportReporter -->
<testsuite skipped="0" hostname="LAPTOP-OPK19QS1" name="tests.SB_44_Test" tests="1" failures="0" timestamp="2020-05-28T14:21:00 BOT" time="4.803" errors="0">
  <testcase name="verifyTheSearchWhitTheSameDestinationAndOrigin" time="4.803" classname="tests.SB_44_Test"/>
  <system-out/>
</testsuite> <!-- tests.SB_44_Test -->
