<?xml version="1.0" encoding="UTF-8"?>
<!-- Generated by org.testng.reporters.JUnitReportReporter -->
<testsuite skipped="0" hostname="LAPTOP-OPK19QS1" name="tests.SB_9_Test" tests="1" failures="0" timestamp="2020-05-28T14:33:28 BOT" time="5.763" errors="0">
  <testcase name="verifyFlightSearchEnteringInvalidDates" time="5.763" classname="tests.SB_9_Test"/>
  <system-out/>
</testsuite> <!-- tests.SB_9_Test -->
