<?xml version="1.0" encoding="UTF-8"?>
<!-- Generated by org.testng.reporters.JUnitReportReporter -->
<testsuite skipped="0" hostname="DESKTOP-KB3QNFD" name="tests.ReturningDate" tests="1" failures="0" timestamp="2020-05-26T21:50:25 BOT" time="5.826" errors="0">
  <testcase name="VerifyDateReturninginBookAFlight" time="5.826" classname="tests.ReturningDate"/>
  <system-out/>
</testsuite> <!-- tests.ReturningDate -->
