<?xml version="1.0" encoding="UTF-8"?>
<!-- Generated by org.testng.reporters.JUnitReportReporter -->
<testsuite skipped="0" hostname="Harold" name="tests.RegisterFlightEmpty" tests="1" failures="0" timestamp="2020-05-29T17:19:11 BOT" time="16.499" errors="0">
  <testcase name="f" time="16.499" classname="tests.RegisterFlightEmpty"/>
  <system-out/>
</testsuite> <!-- tests.RegisterFlightEmpty -->
