<?xml version="1.0" encoding="UTF-8"?>
<!-- Generated by org.testng.reporters.JUnitReportReporter -->
<testsuite skipped="0" hostname="DESKTOP-9HLHRJ6" name="tests.Worxun_7_EmptyReservationFlightTest" tests="1" failures="0" timestamp="2020-05-29T23:21:54 BOT" time="22.943" errors="0">
  <testcase name="f" time="22.943" classname="tests.Worxun_7_EmptyReservationFlightTest"/>
  <system-out/>
</testsuite> <!-- tests.Worxun_7_EmptyReservationFlightTest -->
