<?xml version="1.0" encoding="UTF-8"?>
<!-- Generated by org.testng.reporters.JUnitReportReporter -->
<testsuite skipped="0" hostname="DESKTOP-9HLHRJ6" name="tests.SB_50_CheckReturnDateInBookaflightReturnTest" tests="1" failures="0" timestamp="2020-05-29T23:21:54 BOT" time="6.028" errors="0">
  <testcase name="VerifyDateReturninginBookAFlight" time="6.028" classname="tests.SB_50_CheckReturnDateInBookaflightReturnTest"/>
  <system-out/>
</testsuite> <!-- tests.SB_50_CheckReturnDateInBookaflightReturnTest -->
