<?xml version="1.0" encoding="UTF-8"?>
<!-- Generated by org.testng.reporters.JUnitReportReporter -->
<testsuite skipped="0" hostname="DESKTOP-KB3QNFD" name="tests.OnDate" tests="1" failures="0" timestamp="2020-05-26T21:47:04 BOT" time="6.020" errors="0">
  <testcase name="VerifyDateOninBookAFlight" time="6.020" classname="tests.OnDate"/>
  <system-out/>
</testsuite> <!-- tests.OnDate -->
