<?xml version="1.0" encoding="UTF-8"?>
<!-- Generated by org.testng.reporters.JUnitReportReporter -->
<testsuite skipped="0" hostname="DESKTOP-9HLHRJ6" name="tests.SB_9_SearchWithInvalidRangesTest" tests="1" failures="0" timestamp="2020-05-29T23:21:54 BOT" time="6.714" errors="0">
  <testcase name="verifyFlightSearchEnteringInvalidDates" time="6.714" classname="tests.SB_9_SearchWithInvalidRangesTest"/>
  <system-out/>
</testsuite> <!-- tests.SB_9_SearchWithInvalidRangesTest -->
