<?xml version="1.0" encoding="UTF-8"?>
<!-- Generated by org.testng.reporters.JUnitReportReporter -->
<testsuite skipped="0" hostname="DESKTOP-9HLHRJ6" name="tests.ReturningDate" tests="1" failures="0" timestamp="2020-05-28T19:51:19 BOT" time="5.816" errors="0">
  <testcase name="VerifyDateReturninginBookAFlight" time="5.816" classname="tests.ReturningDate"/>
  <system-out/>
</testsuite> <!-- tests.ReturningDate -->
