<?xml version="1.0" encoding="UTF-8"?>
<!-- Generated by org.testng.reporters.JUnitReportReporter -->
<testsuite skipped="0" hostname="DESKTOP-9HLHRJ6" name="tests.SB_44_SameDestinyAndOriginTest" tests="1" failures="0" timestamp="2020-05-29T23:21:54 BOT" time="5.805" errors="0">
  <testcase name="verifyTheSearchWhitTheSameDestinationAndOrigin" time="5.805" classname="tests.SB_44_SameDestinyAndOriginTest"/>
  <system-out/>
</testsuite> <!-- tests.SB_44_SameDestinyAndOriginTest -->
