<?xml version="1.0" encoding="UTF-8"?>
<!-- Generated by org.testng.reporters.JUnitReportReporter -->
<testsuite skipped="0" hostname="DESKTOP-9HLHRJ6" name="tests.CodeConfirmationTest" tests="1" failures="0" timestamp="2020-05-28T19:51:19 BOT" time="19.552" errors="0">
  <testcase name="f" time="19.552" classname="tests.CodeConfirmationTest"/>
  <system-out/>
</testsuite> <!-- tests.CodeConfirmationTest -->
